Build started 2016-01-06 14:38:31.
     1>Project "C:\Users\Test\Dropbox\Johans skolarbete\Datorgrafik\Projekt\Kod\GrafikProjekt\GrafikProjekt\CPPLab3\CPPLab3.vcxproj" on node 2 (Build target(s)).
     1>ClCompile:
         C:\Program Files (x86)\Microsoft Visual Studio 12.0\VC\bin\CL.exe /c /ZI /nologo /W3 /WX- /sdl /Od /Oy- /D _MBCS /Gm /EHsc /RTC1 /MDd /GS /fp:precise /Zc:wchar_t /Zc:forScope /Fo"Debug\\" /Fd"Debug\vc120.pdb" /Gd /TP /analyze- /errorReport:prompt ControlManager.cpp GameBoard.cpp GameBoardRenderer.cpp GameControl.cpp Inventory.cpp Item.cpp Lab3Main.cpp Model.cpp ModelEvent.cpp Token.cpp View.cpp ViewEvent.cpp
         ViewEvent.cpp
         View.cpp
         ModelEvent.cpp
         Generating Code...
         Compiling...
         Model.cpp
         GameControl.cpp
         Generating Code...
         Skipping... (no relevant changes detected)
         Token.cpp
         Lab3Main.cpp
         Item.cpp
         Inventory.cpp
         GameBoardRenderer.cpp
         GameBoard.cpp
         ControlManager.cpp
       Link:
         C:\Program Files (x86)\Microsoft Visual Studio 12.0\VC\bin\link.exe /ERRORREPORT:PROMPT /OUT:"C:\Users\Test\Dropbox\Johans skolarbete\Datorgrafik\Projekt\Kod\GrafikProjekt\GrafikProjekt\Debug\CPPLab3.exe" /INCREMENTAL /NOLOGO opengl32.lib glew32.lib SDL2.lib SDL2main.lib kernel32.lib user32.lib gdi32.lib winspool.lib comdlg32.lib advapi32.lib shell32.lib ole32.lib oleaut32.lib uuid.lib odbc32.lib odbccp32.lib /MANIFEST /MANIFESTUAC:"level='asInvoker' uiAccess='false'" /manifest:embed /DEBUG /PDB:"C:\Users\Test\Dropbox\Johans skolarbete\Datorgrafik\Projekt\Kod\GrafikProjekt\GrafikProjekt\Debug\CPPLab3.pdb" /SUBSYSTEM:CONSOLE /TLBID:1 /DYNAMICBASE /NXCOMPAT /IMPLIB:"C:\Users\Test\Dropbox\Johans skolarbete\Datorgrafik\Projekt\Kod\GrafikProjekt\GrafikProjekt\Debug\CPPLab3.lib" /MACHINE:X86 Debug\Camera.obj
         Debug\ControlEvent.obj
         Debug\ControlManager.obj
         Debug\GameBoard.obj
         Debug\GameBoardRenderer.obj
         Debug\GameControl.obj
         Debug\GLInit.obj
         Debug\GLTeardown.obj
         Debug\Inventory.obj
         Debug\Item.obj
         Debug\Lab3Main.obj
         Debug\Model.obj
         Debug\ModelEvent.obj
         Debug\Tile.obj
         Debug\Token.obj
         Debug\View.obj
         Debug\ViewEvent.obj
         CPPLab3.vcxproj -> C:\Users\Test\Dropbox\Johans skolarbete\Datorgrafik\Projekt\Kod\GrafikProjekt\GrafikProjekt\Debug\CPPLab3.exe
     1>Done Building Project "C:\Users\Test\Dropbox\Johans skolarbete\Datorgrafik\Projekt\Kod\GrafikProjekt\GrafikProjekt\CPPLab3\CPPLab3.vcxproj" (Build target(s)).

Build succeeded.

Time Elapsed 00:00:05.11
